{"/home/yuki-gatchan0807/program/sandbox/storybook-jest-sandbox/.storybook/config.js": {"path":"/home/yuki-gatchan0807/program/sandbox/storybook-jest-sandbox/.storybook/config.js","statementMap":{"0":{"start":{"line":3,"column":20},"end":{"line":6,"column":1}},"1":{"start":{"line":4,"column":14},"end":{"line":4,"column":62}},"2":{"start":{"line":5,"column":2},"end":{"line":5,"column":26}},"3":{"start":{"line":8,"column":0},"end":{"line":8,"column":31}}},"fnMap":{"0":{"name":"(anonymous_0)","decl":{"start":{"line":3,"column":20},"end":{"line":3,"column":21}},"loc":{"start":{"line":3,"column":26},"end":{"line":6,"column":1}},"line":3}},"branchMap":{},"s":{"0":1,"1":1,"2":1,"3":1},"f":{"0":1},"b":{},"_coverageSchema":"43e27e138ebf9cfc5966b082cf9a028302ed4184","hash":"6e6beacff2161d48457e0d3473045f9de0507f16"}
,"/home/yuki-gatchan0807/program/sandbox/storybook-jest-sandbox/src/stories/HelloButton.js": {"path":"/home/yuki-gatchan0807/program/sandbox/storybook-jest-sandbox/src/stories/HelloButton.js","statementMap":{"0":{"start":{"line":7,"column":0},"end":{"line":24,"column":6}},"1":{"start":{"line":9,"column":25},"end":{"line":12,"column":3}},"2":{"start":{"line":14,"column":23},"end":{"line":24,"column":3}}},"fnMap":{"0":{"name":"(anonymous_0)","decl":{"start":{"line":9,"column":18},"end":{"line":9,"column":19}},"loc":{"start":{"line":9,"column":25},"end":{"line":12,"column":3}},"line":9},"1":{"name":"(anonymous_1)","decl":{"start":{"line":14,"column":16},"end":{"line":14,"column":17}},"loc":{"start":{"line":14,"column":23},"end":{"line":24,"column":3}},"line":14}},"branchMap":{},"s":{"0":1,"1":1,"2":1},"f":{"0":1,"1":1},"b":{},"_coverageSchema":"43e27e138ebf9cfc5966b082cf9a028302ed4184","hash":"3967f2220261f7d044027d6aabd57cdad6b5f29a"}
,"/home/yuki-gatchan0807/program/sandbox/storybook-jest-sandbox/src/stories/MainTitle.js": {"path":"/home/yuki-gatchan0807/program/sandbox/storybook-jest-sandbox/src/stories/MainTitle.js","statementMap":{"0":{"start":{"line":7,"column":0},"end":{"line":21,"column":6}},"1":{"start":{"line":9,"column":25},"end":{"line":12,"column":3}},"2":{"start":{"line":13,"column":22},"end":{"line":21,"column":3}}},"fnMap":{"0":{"name":"(anonymous_0)","decl":{"start":{"line":9,"column":18},"end":{"line":9,"column":19}},"loc":{"start":{"line":9,"column":25},"end":{"line":12,"column":3}},"line":9},"1":{"name":"(anonymous_1)","decl":{"start":{"line":13,"column":15},"end":{"line":13,"column":16}},"loc":{"start":{"line":13,"column":22},"end":{"line":21,"column":3}},"line":13}},"branchMap":{},"s":{"0":1,"1":1,"2":1},"f":{"0":1,"1":1},"b":{},"_coverageSchema":"43e27e138ebf9cfc5966b082cf9a028302ed4184","hash":"c30da6125ee88b7ca969e0edf42ca8656e4cbcb6"}
}
