TN:
SF:/home/yuki-gatchan0807/program/sandbox/storybook-jest-sandbox/.storybook/config.js
FN:3,(anonymous_0)
FNF:1
FNH:1
FNDA:1,(anonymous_0)
DA:3,1
DA:4,1
DA:5,1
DA:8,1
LF:4
LH:4
BRF:0
BRH:0
end_of_record
TN:
SF:/home/yuki-gatchan0807/program/sandbox/storybook-jest-sandbox/src/stories/HelloButton.js
FN:9,(anonymous_0)
FN:14,(anonymous_1)
FNF:2
FNH:2
FNDA:1,(anonymous_0)
FNDA:1,(anonymous_1)
DA:7,1
DA:9,1
DA:14,1
LF:3
LH:3
BRF:0
BRH:0
end_of_record
TN:
SF:/home/yuki-gatchan0807/program/sandbox/storybook-jest-sandbox/src/stories/MainTitle.js
FN:9,(anonymous_0)
FN:13,(anonymous_1)
FNF:2
FNH:2
FNDA:1,(anonymous_0)
FNDA:1,(anonymous_1)
DA:7,1
DA:9,1
DA:13,1
LF:3
LH:3
BRF:0
BRH:0
end_of_record
